<?xml version="1.0" encoding="UTF-8"?>
<testsuite name="MoviesTest" tests="3" skipped="0" failures="0" errors="0" timestamp="2019-01-04T17:59:49" hostname="DESKTOP-S344EI8" time="0.007">
  <properties/>
  <testcase name="shouldHaveYear" classname="MoviesTest" time="0.003"/>
  <testcase name="shouldHaveDirector" classname="MoviesTest" time="0.001"/>
  <testcase name="shouldHaveWriter" classname="MoviesTest" time="0.0"/>
  <system-out><![CDATA[]]></system-out>
  <system-err><![CDATA[]]></system-err>
</testsuite>
