<?xml version="1.0" encoding="UTF-8"?>
<testsuite name="MusicTest" tests="1" skipped="0" failures="0" errors="0" timestamp="2019-01-04T17:59:49" hostname="DESKTOP-S344EI8" time="0.0">
  <properties/>
  <testcase name="musicShouldHaveArtist" classname="MusicTest" time="0.0"/>
  <system-out><![CDATA[]]></system-out>
  <system-err><![CDATA[]]></system-err>
</testsuite>
