<?xml version="1.0" encoding="UTF-8"?>
<testsuite name="BookTest" tests="3" skipped="0" failures="0" errors="0" timestamp="2019-01-04T17:59:49" hostname="DESKTOP-S344EI8" time="0.002">
  <properties/>
  <testcase name="bookShouldHavePublisher" classname="BookTest" time="0.001"/>
  <testcase name="bookShoulHaveAuthor" classname="BookTest" time="0.001"/>
  <testcase name="bookShouldHaveISBN" classname="BookTest" time="0.0"/>
  <system-out><![CDATA[]]></system-out>
  <system-err><![CDATA[]]></system-err>
</testsuite>
