<?xml version="1.0" encoding="UTF-8"?>
<testsuite name="CrawlerTest" tests="3" skipped="0" failures="0" errors="0" timestamp="2019-01-04T17:59:49" hostname="DESKTOP-S344EI8" time="0.001">
  <properties/>
  <testcase name="getAllItemsTest" classname="CrawlerTest" time="0.0"/>
  <testcase name="CalledOnlyOnce" classname="CrawlerTest" time="0.0"/>
  <testcase name="SerlizerListToJsonTest" classname="CrawlerTest" time="0.0"/>
  <system-out><![CDATA[]]></system-out>
  <system-err><![CDATA[]]></system-err>
</testsuite>
